<?xml version="1.0" encoding="UTF-8"?>
<testng-results ignored="0" total="3" passed="3" failed="0" skipped="0">
  <reporter-output>
  </reporter-output>
  <suite started-at="2022-10-25T16:23:57 CEST" name="Default suite" finished-at="2022-10-25T16:25:36 CEST" duration-ms="99209">
    <groups>
    </groups>
    <test started-at="2022-10-25T16:23:57 CEST" name="Default test" finished-at="2022-10-25T16:25:36 CEST" duration-ms="99209">
      <class name="Tests.Tests">
        <test-method is-config="true" signature="setup()[pri:0, instance:Tests.Tests@3911c2a7]" started-at="2022-10-25T16:23:57 CEST" name="setup" finished-at="2022-10-25T16:24:27 CEST" duration-ms="30623" status="PASS">
          <reporter-output>
          </reporter-output>
        </test-method> <!-- setup -->
        <test-method signature="sampleTest()[pri:0, instance:Tests.Tests@3911c2a7]" started-at="2022-10-25T16:24:27 CEST" name="sampleTest" finished-at="2022-10-25T16:24:27 CEST" duration-ms="4" status="PASS">
          <reporter-output>
          </reporter-output>
        </test-method> <!-- sampleTest -->
        <test-method signature="LoginTest()[pri:0, instance:Tests.Tests@3911c2a7]" started-at="2022-10-25T16:24:27 CEST" name="LoginTest" finished-at="2022-10-25T16:25:09 CEST" duration-ms="42104" status="PASS">
          <reporter-output>
          </reporter-output>
        </test-method> <!-- LoginTest -->
        <test-method signature="TestOne()[pri:0, instance:Tests.Tests@3911c2a7]" started-at="2022-10-25T16:25:09 CEST" name="TestOne" finished-at="2022-10-25T16:25:30 CEST" duration-ms="20608" status="PASS">
          <reporter-output>
          </reporter-output>
        </test-method> <!-- TestOne -->
        <test-method is-config="true" signature="teardown()[pri:0, instance:Tests.Tests@3911c2a7]" started-at="2022-10-25T16:25:30 CEST" name="teardown" finished-at="2022-10-25T16:25:36 CEST" duration-ms="5848" status="PASS">
          <reporter-output>
          </reporter-output>
        </test-method> <!-- teardown -->
      </class> <!-- Tests.Tests -->
    </test> <!-- Default test -->
  </suite> <!-- Default suite -->
</testng-results>
